<?xml version="1.0" encoding="UTF-8"?>
<!-- Generated by org.testng.reporters.JUnitReportReporter -->
<testsuite hostname="Abhijith" failures="0" tests="1" name="extentReports.ToAddScreenshotIntoReport" time="5.575" errors="0" timestamp="2025-01-22T11:28:40 IST" skipped="0">
  <testcase classname="extentReports.ToAddScreenshotIntoReport" name="addScreeshot" time="5.575"/>
  <system-out/>
</testsuite> <!-- extentReports.ToAddScreenshotIntoReport -->
