<?xml version="1.0" encoding="UTF-8"?>
<!-- Generated by org.testng.reporters.JUnitReportReporter -->
<testsuite hostname="Abhijith" failures="0" tests="1" name="demo.Sample" time="0.011" errors="0" timestamp="2025-01-17T11:46:53 IST" skipped="0">
  <testcase classname="demo.Sample" name="launch" time="0.011"/>
  <system-out>
    <![CDATA[Sample class executed]]>
  </system-out>
</testsuite> <!-- demo.Sample -->
