<?xml version="1.0" encoding="UTF-8"?>
<!-- Generated by org.testng.reporters.JUnitReportReporter -->
<testsuite hostname="Abhijith" failures="0" tests="1" name="demo.MavenParameterTest" time="0.016" errors="0" timestamp="2025-01-21T10:29:06 IST" skipped="0">
  <testcase classname="demo.MavenParameterTest" name="launch" time="0.016"/>
  <system-out>
    <![CDATA[null]]>
  </system-out>
</testsuite> <!-- demo.MavenParameterTest -->
