<?xml version="1.0" encoding="UTF-8"?>
<!-- Generated by org.testng.reporters.JUnitReportReporter -->
<testsuite hostname="Abhijith" failures="0" tests="1" name="demo.SampleTest" time="0.007" errors="0" timestamp="2025-01-20T11:17:21 IST" skipped="0">
  <testcase classname="demo.SampleTest" name="launch" time="0.007"/>
  <system-out>
    <![CDATA[SampleTest class executed]]>
  </system-out>
</testsuite> <!-- demo.SampleTest -->
