<?xml version="1.0" encoding="UTF-8"?>
<!-- Generated by org.testng.reporters.JUnitReportReporter -->
<testsuite hostname="Abhijith" failures="0" tests="1" name="cars.FerrariTest" time="2.880" errors="0" timestamp="2025-01-20T11:28:12 IST" skipped="0">
  <testcase classname="cars.FerrariTest" name="launch" time="2.880"/>
  <system-out>
    <![CDATA[Ferrari launched successfully]]>
  </system-out>
</testsuite> <!-- cars.FerrariTest -->
