<?xml version="1.0" encoding="UTF-8"?>
<!-- Generated by org.testng.reporters.JUnitReportReporter -->
<testsuite hostname="Abhijith" failures="0" tests="1" name="demo.MavenParameterTest" time="5.399" errors="0" timestamp="2025-01-21T10:58:49 IST" skipped="0">
  <testcase classname="demo.MavenParameterTest" name="launch" time="5.399"/>
  <system-out>
    <![CDATA[https://demowebshop.tricentis.com/]]>
  </system-out>
</testsuite> <!-- demo.MavenParameterTest -->
