<?xml version="1.0" encoding="UTF-8"?>
<!-- Generated by org.testng.reporters.JUnitReportReporter -->
<testsuite hostname="Abhijith" failures="0" tests="1" name="bikes.KawasakiTest" time="3.230" errors="0" timestamp="2025-01-20T11:19:04 IST" skipped="0">
  <testcase classname="bikes.KawasakiTest" name="launch" time="3.230"/>
  <system-out>
    <![CDATA[Kawasaki launched successfully]]>
  </system-out>
</testsuite> <!-- bikes.KawasakiTest -->
