<?xml version="1.0" encoding="UTF-8"?>
<!-- Generated by org.testng.reporters.JUnitReportReporter -->
<testsuite hostname="Abhijith" failures="0" tests="1" name="bikes.YamahaTest" time="7.750" errors="0" timestamp="2025-01-20T11:19:04 IST" skipped="0">
  <testcase classname="bikes.YamahaTest" name="launch" time="7.750"/>
  <system-out>
    <![CDATA[Yamaha launched successfully]]>
  </system-out>
</testsuite> <!-- bikes.YamahaTest -->
