<?xml version="1.0" encoding="UTF-8"?>
<!-- Generated by org.testng.reporters.JUnitReportReporter -->
<testsuite hostname="Abhijith" failures="0" tests="1" name="bikes.BajajTest" time="4.114" errors="0" timestamp="2025-01-20T11:50:56 IST" skipped="0">
  <testcase classname="bikes.BajajTest" name="launch" time="4.114"/>
  <system-out>
    <![CDATA[Bajaj launched successfully]]>
  </system-out>
</testsuite> <!-- bikes.BajajTest -->
